[01m[K/home/wuqilin/ros2_ws/src/answer/src/navigation_node.cpp:[m[K In member function â€˜[01m[Kvoid navigation::Node::robot_navigation_cbfn(info_interfaces::msg::Robot_<std::allocator<void> >::SharedPtr)[m[Kâ€™:
[01m[K/home/wuqilin/ros2_ws/src/answer/src/navigation_node.cpp:190:17:[m[K [01;31m[Kerror: [m[Kâ€˜[01m[Kdistance_1[m[Kâ€™ was not declared in this scope; did you mean â€˜[01m[Kdistsnce_1[m[Kâ€™?
  190 |             if ([01;31m[Kdistance_1[m[K == 0)
      |                 [01;31m[K^~~~~~~~~~[m[K
      |                 [32m[Kdistsnce_1[m[K
[01m[K/home/wuqilin/ros2_ws/src/answer/src/navigation_node.cpp:189:20:[m[K [01;35m[Kwarning: [m[Kunused variable â€˜[01m[Kdistsnce_1[m[Kâ€™ [[01;35m[K]8;;https://gcc.gnu.org/onlinedocs/gcc/Warning-Options.html#index-Wunused-variable-Wunused-variable]8;;[m[K]
  189 |             double [01;35m[Kdistsnce_1[m[K = std::sqrt(std::pow(robot_x - m_recover_x, 2) + std::pow(robot_y - m_recover_y, 2));
      |                    [01;35m[K^~~~~~~~~~[m[K
gmake[2]: *** [CMakeFiles/navigation_node.dir/build.make:76ï¼šCMakeFiles/navigation_node.dir/src/navigation_node.cpp.o] é”™è¯¯ 1
gmake[1]: *** [CMakeFiles/Makefile2:165ï¼šCMakeFiles/navigation_node.dir/all] é”™è¯¯ 2
gmake: *** [Makefile:146ï¼šall] é”™è¯¯ 2
