[0.006s] Invoking command in '/home/wuqilin/ros2_ws/build/answer': CMAKE_PREFIX_PATH=/home/wuqilin/ros2_ws/install/info_interfaces:/home/wuqilin/ros2_ws/install/answer:/opt/ros/humble /usr/bin/cmake --build /home/wuqilin/ros2_ws/build/answer -- -j32 -l32
[0.037s] [ 50%] Built target img2map_node
[0.041s] [ 75%] [32mBuilding CXX object CMakeFiles/navigation_node.dir/src/navigation_node.cpp.o[0m
[1.181s] [01m[K/home/wuqilin/ros2_ws/src/answer/src/navigation_node.cpp:[m[K In member function â€˜[01m[Kvoid navigation::Node::robot_navigation_cbfn(info_interfaces::msg::Robot_<std::allocator<void> >::SharedPtr)[m[Kâ€™:
[1.181s] [01m[K/home/wuqilin/ros2_ws/src/answer/src/navigation_node.cpp:85:37:[m[K [01;31m[Kerror: [m[Kâ€˜[01m[Karea[m[Kâ€™ was not declared in this scope; did you mean â€˜[01m[Ktopic_name::area[m[Kâ€™?
[1.181s]    85 |                 double green_in_x = [01;31m[Karea[m[K.green_in.x;
[1.181s]       |                                     [01;31m[K^~~~[m[K
[1.181s]       |                                     [32m[Ktopic_name::area[m[K
[1.181s] In file included from [01m[K/home/wuqilin/ros2_ws/src/answer/include/answer/navigation_node.hpp:21[m[K,
[1.181s]                  from [01m[K/home/wuqilin/ros2_ws/src/answer/src/navigation_node.cpp:4[m[K:
[1.181s] [01m[K/home/wuqilin/ros2_ws/src/answer/include/answer/constant.hpp:10:17:[m[K [01;36m[Knote: [m[Kâ€˜[01m[Ktopic_name::area[m[Kâ€™ declared here
[1.181s]    10 |     const char* [01;36m[Karea[m[K = "area";
[1.181s]       |                 [01;36m[K^~~~[m[K
[4.044s] gmake[2]: *** [CMakeFiles/navigation_node.dir/build.make:76ï¼šCMakeFiles/navigation_node.dir/src/navigation_node.cpp.o] é”™è¯¯ 1
[4.044s] gmake[1]: *** [CMakeFiles/Makefile2:165ï¼šCMakeFiles/navigation_node.dir/all] é”™è¯¯ 2
[4.044s] gmake: *** [Makefile:146ï¼šall] é”™è¯¯ 2
[4.046s] Invoked command in '/home/wuqilin/ros2_ws/build/answer' returned '2': CMAKE_PREFIX_PATH=/home/wuqilin/ros2_ws/install/info_interfaces:/home/wuqilin/ros2_ws/install/answer:/opt/ros/humble /usr/bin/cmake --build /home/wuqilin/ros2_ws/build/answer -- -j32 -l32
