[ 25%] [32mBuilding CXX object CMakeFiles/navigation_node.dir/src/navigation_node.cpp.o[0m
[ 75%] Built target img2map_node
In file included from [01m[K/opt/ros/humble/include/rclcpp/rclcpp/client.hpp:40[m[K,
                 from [01m[K/opt/ros/humble/include/rclcpp/rclcpp/callback_group.hpp:24[m[K,
                 from [01m[K/opt/ros/humble/include/rclcpp/rclcpp/any_executable.hpp:20[m[K,
                 from [01m[K/opt/ros/humble/include/rclcpp/rclcpp/memory_strategy.hpp:25[m[K,
                 from [01m[K/opt/ros/humble/include/rclcpp/rclcpp/memory_strategies.hpp:18[m[K,
                 from [01m[K/opt/ros/humble/include/rclcpp/rclcpp/executor_options.hpp:20[m[K,
                 from [01m[K/opt/ros/humble/include/rclcpp/rclcpp/executor.hpp:37[m[K,
                 from [01m[K/opt/ros/humble/include/rclcpp/rclcpp/executors/multi_threaded_executor.hpp:25[m[K,
                 from [01m[K/opt/ros/humble/include/rclcpp/rclcpp/executors.hpp:21[m[K,
                 from [01m[K/opt/ros/humble/include/rclcpp/rclcpp/rclcpp.hpp:155[m[K,
                 from [01m[K/home/wuqilin/ros2_ws/src/answer/include/answer/navigation_node.hpp:8[m[K,
                 from [01m[K/home/wuqilin/ros2_ws/src/answer/src/navigation_node.cpp:4[m[K:
[01m[K/home/wuqilin/ros2_ws/src/answer/src/navigation_node.cpp:[m[K In member function â€˜[01m[Kvoid navigation::Node::robot_navigation_cbfn(info_interfaces::msg::Robot_<std::allocator<void> >::SharedPtr)[m[Kâ€™:
[01m[K/home/wuqilin/ros2_ws/src/answer/src/navigation_node.cpp:40:35:[m[K [01;31m[Kerror: [m[Kexpected unqualified-id before string constant
   40 |         RCLCPP_INFO(get_logger(). [01;31m[K"ROBOT!"[m[K);
      |                                   [01;31m[K^~~~~~~~[m[K
[01m[K/home/wuqilin/ros2_ws/src/answer/src/navigation_node.cpp:40:9:[m[K [01;31m[Kerror: [m[Ktemplate argument 1 is invalid
   40 |         [01;31m[KRCLCPP_INFO[m[K(get_logger(). "ROBOT!");
      |         [01;31m[K^~~~~~~~~~~[m[K
[01m[K/home/wuqilin/ros2_ws/src/answer/src/navigation_node.cpp:40:9:[m[K [01;31m[Kerror: [m[Ktemplate argument 1 is invalid
   40 |         [01;31m[KRCLCPP_INFO[m[K(get_logger(). "ROBOT!");
      |         [01;31m[K^~~~~~~~~~~[m[K
[01m[K/home/wuqilin/ros2_ws/src/answer/src/navigation_node.cpp:40:9:[m[K [01;31m[Kerror: [m[Ktemplate argument 1 is invalid
   40 |         [01;31m[KRCLCPP_INFO[m[K(get_logger(). "ROBOT!");
      |         [01;31m[K^~~~~~~~~~~[m[K
In file included from [01m[K/opt/ros/humble/include/rclcpp/rclcpp/logging.hpp:24[m[K:
[01m[K/home/wuqilin/ros2_ws/src/answer/src/navigation_node.cpp:40:35:[m[K [01;31m[Kerror: [m[Kexpected unqualified-id before string constant
   40 |         RCLCPP_INFO(get_logger(). [01;31m[K"ROBOT!"[m[K);
      |                                   [01;31m[K^~~~~~~~[m[K
[01m[K/home/wuqilin/ros2_ws/src/answer/src/navigation_node.cpp:40:35:[m[K [01;31m[Kerror: [m[Kexpected â€˜[01m[K)[m[Kâ€™ before string constant
[01m[K/home/wuqilin/ros2_ws/src/answer/src/navigation_node.cpp:40:9:[m[K [01;36m[Knote: [m[Kto match this â€˜[01m[K([m[Kâ€™
   40 |         [01;36m[KRCLCPP_INFO[m[K(get_logger(). "ROBOT!");
      |         [01;36m[K^~~~~~~~~~~[m[K
[01m[K/home/wuqilin/ros2_ws/src/answer/src/navigation_node.cpp:40:9:[m[K [01;31m[Kerror: [m[Kexpected â€˜[01m[K)[m[Kâ€™ before â€˜[01m[K}[m[Kâ€™ token
   40 |         [01;31m[KRCLCPP_INFO[m[K(get_logger(). "ROBOT!");
      |         [01;31m[K^~~~~~~~~~~[m[K
[01m[K/home/wuqilin/ros2_ws/src/answer/src/navigation_node.cpp:40:9:[m[K [01;31m[Kerror: [m[Kexpected primary-expression before â€˜[01m[K}[m[Kâ€™ token
gmake[2]: *** [CMakeFiles/navigation_node.dir/build.make:76ï¼šCMakeFiles/navigation_node.dir/src/navigation_node.cpp.o] é”™è¯¯ 1
gmake[1]: *** [CMakeFiles/Makefile2:165ï¼šCMakeFiles/navigation_node.dir/all] é”™è¯¯ 2
gmake: *** [Makefile:146ï¼šall] é”™è¯¯ 2
