[0.008s] Invoking command in '/home/wuqilin/ros2_ws/build/answer': CMAKE_PREFIX_PATH=/home/wuqilin/ros2_ws/install/info_interfaces:/home/wuqilin/ros2_ws/install/answer:/opt/ros/humble /usr/bin/cmake --build /home/wuqilin/ros2_ws/build/answer -- -j32 -l32
[0.048s] [ 50%] Built target img2map_node
[0.054s] [ 75%] [32mBuilding CXX object CMakeFiles/navigation_node.dir/src/navigation_node.cpp.o[0m
[1.165s] [01m[K/home/wuqilin/ros2_ws/src/answer/src/navigation_node.cpp:[m[K In member function â€˜[01m[Kvoid navigation::Node::robot_navigation_cbfn(info_interfaces::msg::Robot_<std::allocator<void> >::SharedPtr)[m[Kâ€™:
[1.165s] [01m[K/home/wuqilin/ros2_ws/src/answer/src/navigation_node.cpp:85:37:[m[K [01;31m[Kerror: [m[Kâ€˜[01m[Karea[m[Kâ€™ was not declared in this scope; did you mean â€˜[01m[Ktopic_name::area[m[Kâ€™?
[1.165s]    85 |                 double green_in_x = [01;31m[Karea[m[K.green_in.x;
[1.165s]       |                                     [01;31m[K^~~~[m[K
[1.165s]       |                                     [32m[Ktopic_name::area[m[K
[1.165s] In file included from [01m[K/home/wuqilin/ros2_ws/src/answer/include/answer/navigation_node.hpp:21[m[K,
[1.165s]                  from [01m[K/home/wuqilin/ros2_ws/src/answer/src/navigation_node.cpp:4[m[K:
[1.166s] [01m[K/home/wuqilin/ros2_ws/src/answer/include/answer/constant.hpp:10:17:[m[K [01;36m[Knote: [m[Kâ€˜[01m[Ktopic_name::area[m[Kâ€™ declared here
[1.166s]    10 |     const char* [01;36m[Karea[m[K = "area";
[1.166s]       |                 [01;36m[K^~~~[m[K
[1.170s] [01m[K/home/wuqilin/ros2_ws/src/answer/src/navigation_node.cpp:94:40:[m[K [01;31m[Kerror: [m[Kâ€˜[01m[Kpath_2[m[Kâ€™ was not declared in this scope; did you mean â€˜[01m[Kpath[m[Kâ€™?
[1.170s]    94 |             std::tie(pose.x, pose.y) = [01;31m[Kpath_2[m[K[1];
[1.170s]       |                                        [01;31m[K^~~~~~[m[K
[1.170s]       |                                        [32m[Kpath[m[K
[1.173s] [01m[K/home/wuqilin/ros2_ws/src/answer/src/navigation_node.cpp:96:23:[m[K [01;31m[Kerror: [m[Kâ€˜[01m[Krobot_x[m[Kâ€™ was not declared in this scope; did you mean â€˜[01m[Krobot_info[m[Kâ€™?
[1.173s]    96 |             pose.x -= [01;31m[Krobot_x[m[K;
[1.173s]       |                       [01;31m[K^~~~~~~[m[K
[1.173s]       |                       [32m[Krobot_info[m[K
[1.176s] [01m[K/home/wuqilin/ros2_ws/src/answer/src/navigation_node.cpp:97:23:[m[K [01;31m[Kerror: [m[Kâ€˜[01m[Krobot_y[m[Kâ€™ was not declared in this scope; did you mean â€˜[01m[Krobot_info[m[Kâ€™?
[1.176s]    97 |             pose.y -= [01;31m[Krobot_y[m[K;
[1.176s]       |                       [01;31m[K^~~~~~~[m[K
[1.176s]       |                       [32m[Krobot_info[m[K
[3.996s] gmake[2]: *** [CMakeFiles/navigation_node.dir/build.make:76ï¼šCMakeFiles/navigation_node.dir/src/navigation_node.cpp.o] é”™è¯¯ 1
[3.997s] gmake[1]: *** [CMakeFiles/Makefile2:165ï¼šCMakeFiles/navigation_node.dir/all] é”™è¯¯ 2
[3.997s] gmake: *** [Makefile:146ï¼šall] é”™è¯¯ 2
[3.999s] Invoked command in '/home/wuqilin/ros2_ws/build/answer' returned '2': CMAKE_PREFIX_PATH=/home/wuqilin/ros2_ws/install/info_interfaces:/home/wuqilin/ros2_ws/install/answer:/opt/ros/humble /usr/bin/cmake --build /home/wuqilin/ros2_ws/build/answer -- -j32 -l32
