[0.007s] Invoking command in '/home/wuqilin/ros2_ws/build/answer': CMAKE_PREFIX_PATH=/home/wuqilin/ros2_ws/install/info_interfaces:/home/wuqilin/ros2_ws/install/answer:/opt/ros/humble /usr/bin/cmake --build /home/wuqilin/ros2_ws/build/answer -- -j32 -l32
[0.047s] [ 50%] Built target img2map_node
[0.049s] [ 75%] [32mBuilding CXX object CMakeFiles/navigation_node.dir/src/navigation_node.cpp.o[0m
[1.228s] [01m[K/home/wuqilin/ros2_ws/src/answer/src/navigation_node.cpp:[m[K In member function â€˜[01m[Kvoid navigation::Node::area_init_cbfn(info_interfaces::msg::Area_<std::allocator<void> >::SharedPtr)[m[Kâ€™:
[1.228s] [01m[K/home/wuqilin/ros2_ws/src/answer/src/navigation_node.cpp:40:10:[m[K [01;31m[Kerror: [m[Kâ€˜[01m[Krobot_info[m[Kâ€™ was not declared in this scope
[1.228s]    40 |          [01;31m[Krobot_info[m[K->our_robot.x,
[1.228s]       |          [01;31m[K^~~~~~~~~~[m[K
[1.230s] [01m[K/home/wuqilin/ros2_ws/src/answer/src/navigation_node.cpp:45:29:[m[K [01;31m[Kerror: [m[Kâ€˜[01m[Knumber[m[Kâ€™ was not declared in this scope
[1.230s]    45 |     if (path.size() >= 2 && [01;31m[Knumber[m[K >5)
[1.230s]       |                             [01;31m[K^~~~~~[m[K
[1.230s] [01m[K/home/wuqilin/ros2_ws/src/answer/src/navigation_node.cpp:47:22:[m[K [01;31m[Kerror: [m[Kâ€˜[01m[Kpose[m[Kâ€™ was not declared in this scope; did you mean â€˜[01m[Ktopic_name::pose[m[Kâ€™?
[1.231s]    47 |             std::tie([01;31m[Kpose[m[K.x, pose.y) = path[1];
[1.231s]       |                      [01;31m[K^~~~[m[K
[1.231s]       |                      [32m[Ktopic_name::pose[m[K
[1.231s] In file included from [01m[K/home/wuqilin/ros2_ws/src/answer/include/answer/navigation_node.hpp:21[m[K,
[1.231s]                  from [01m[K/home/wuqilin/ros2_ws/src/answer/src/navigation_node.cpp:4[m[K:
[1.231s] [01m[K/home/wuqilin/ros2_ws/src/answer/include/answer/constant.hpp:12:17:[m[K [01;36m[Knote: [m[Kâ€˜[01m[Ktopic_name::pose[m[Kâ€™ declared here
[1.231s]    12 |     const char* [01;36m[Kpose[m[K = "pose";
[1.231s]       |                 [01;36m[K^~~~[m[K
[1.231s] [01m[K/home/wuqilin/ros2_ws/src/answer/src/navigation_node.cpp:35:12:[m[K [01;35m[Kwarning: [m[Kunused variable â€˜[01m[Krecover_x[m[Kâ€™ [[01;35m[K]8;;https://gcc.gnu.org/onlinedocs/gcc/Warning-Options.html#index-Wunused-variable-Wunused-variable]8;;[m[K]
[1.231s]    35 |     double [01;35m[Krecover_x[m[K = area_info->recover.x;
[1.231s]       |            [01;35m[K^~~~~~~~~[m[K
[1.231s] [01m[K/home/wuqilin/ros2_ws/src/answer/src/navigation_node.cpp:36:12:[m[K [01;35m[Kwarning: [m[Kunused variable â€˜[01m[Krecover_y[m[Kâ€™ [[01;35m[K]8;;https://gcc.gnu.org/onlinedocs/gcc/Warning-Options.html#index-Wunused-variable-Wunused-variable]8;;[m[K]
[1.231s]    36 |     double [01;35m[Krecover_y[m[K = area_info->recover.y;
[1.231s]       |            [01;35m[K^~~~~~~~~[m[K
[4.173s] gmake[2]: *** [CMakeFiles/navigation_node.dir/build.make:76ï¼šCMakeFiles/navigation_node.dir/src/navigation_node.cpp.o] é”™è¯¯ 1
[4.173s] gmake[1]: *** [CMakeFiles/Makefile2:165ï¼šCMakeFiles/navigation_node.dir/all] é”™è¯¯ 2
[4.173s] gmake: *** [Makefile:146ï¼šall] é”™è¯¯ 2
[4.175s] Invoked command in '/home/wuqilin/ros2_ws/build/answer' returned '2': CMAKE_PREFIX_PATH=/home/wuqilin/ros2_ws/install/info_interfaces:/home/wuqilin/ros2_ws/install/answer:/opt/ros/humble /usr/bin/cmake --build /home/wuqilin/ros2_ws/build/answer -- -j32 -l32
