-- Found ament_cmake: 1.3.11 (/opt/ros/humble/share/ament_cmake/cmake)
-- Found rclcpp: 16.0.11 (/opt/ros/humble/share/rclcpp/cmake)
-- Found rosidl_generator_c: 3.1.6 (/opt/ros/humble/share/rosidl_generator_c/cmake)
-- Found rosidl_adapter: 3.1.6 (/opt/ros/humble/share/rosidl_adapter/cmake)
-- Found rosidl_generator_cpp: 3.1.6 (/opt/ros/humble/share/rosidl_generator_cpp/cmake)
-- Using all available rosidl_typesupport_c: rosidl_typesupport_fastrtps_c;rosidl_typesupport_introspection_c
-- Using all available rosidl_typesupport_cpp: rosidl_typesupport_fastrtps_cpp;rosidl_typesupport_introspection_cpp
-- Found rmw_implementation_cmake: 6.1.2 (/opt/ros/humble/share/rmw_implementation_cmake/cmake)
-- Found rmw_fastrtps_cpp: 6.2.7 (/opt/ros/humble/share/rmw_fastrtps_cpp/cmake)
-- Using RMW implementation 'rmw_fastrtps_cpp' as default
-- Found ament_lint_auto: 0.12.11 (/opt/ros/humble/share/ament_lint_auto/cmake)
-- Added test 'cppcheck' to perform static code analysis on C / C++ code
-- Configured cppcheck include dirs: 
-- Configured cppcheck exclude dirs and/or files: 
-- Added test 'lint_cmake' to check CMake code style
-- Added test 'uncrustify' to check C / C++ code style
-- Configured uncrustify additional arguments: 
-- Added test 'xmllint' to check XML markup files
-- Configuring done
-- Generating done
-- Build files have been written to: /home/wuqilin/ros2_ws/build/answer
[ 50%] [32mBuilding CXX object CMakeFiles/ImageSubsciber.dir/src/ImageSubscriber.cpp.o[0m
[01m[K/home/wuqilin/ros2_ws/src/answer/src/ImageSubscriber.cpp:[m[K In constructor â€˜[01m[KImageSubscriber::ImageSubscriber()[m[Kâ€™:
[01m[K/home/wuqilin/ros2_ws/src/answer/src/ImageSubscriber.cpp:12:5:[m[K [01;31m[Kerror: [m[Kâ€˜[01m[Ksubscription_[m[Kâ€™ was not declared in this scope; did you mean â€˜[01m[Krmw_subscription_t[m[Kâ€™?
   12 |     [01;31m[Ksubscription_[m[K = this->create_subscription<sensor_msgs::msg::Image>(
      |     [01;31m[K^~~~~~~~~~~~~[m[K
      |     [32m[Krmw_subscription_t[m[K
[01m[K/home/wuqilin/ros2_ws/src/answer/src/ImageSubscriber.cpp:12:47:[m[K [01;31m[Kerror: [m[Kâ€˜[01m[Ksensor_msgs[m[Kâ€™ was not declared in this scope
   12 |     subscription_ = this->create_subscription<[01;31m[Ksensor_msgs[m[K::msg::Image>(
      |                                               [01;31m[K^~~~~~~~~~~[m[K
[01m[K/home/wuqilin/ros2_ws/src/answer/src/ImageSubscriber.cpp:12:27:[m[K [01;31m[Kerror: [m[Kparse error in template argument list
   12 |     subscription_ = this->[01;31m[Kcreate_subscription<sensor_msgs::msg::Image>[m[K(
      |                           [01;31m[K^~~~~~~~~~~~~~~~~~~~~~~~~~~~~~~~~~~~~~~~~~~~[m[K
[01m[K/home/wuqilin/ros2_ws/src/answer/src/ImageSubscriber.cpp:13:50:[m[K [01;31m[Kerror: [m[Kâ€˜[01m[Kimage_callback[m[Kâ€™ is not a member of â€˜[01m[KImageSubscriber[m[Kâ€™
   13 |       "image_raw",10,std::bind(&ImageSubscriber::[01;31m[Kimage_callback[m[K, this, std::placeholders::_1));
      |                                                  [01;31m[K^~~~~~~~~~~~~~[m[K
[01m[K/home/wuqilin/ros2_ws/src/answer/src/ImageSubscriber.cpp:[m[K At global scope:
[01m[K/home/wuqilin/ros2_ws/src/answer/src/ImageSubscriber.cpp:16:1:[m[K [01;31m[Kerror: [m[Kexpected unqualified-id before â€˜[01m[Kprivate[m[Kâ€™
   16 | [01;31m[Kprivate[m[K:
      | [01;31m[K^~~~~~~[m[K
[01m[K/home/wuqilin/ros2_ws/src/answer/src/ImageSubscriber.cpp:24:1:[m[K [01;31m[Kerror: [m[Kexpected declaration before â€˜[01m[K}[m[Kâ€™ token
   24 | [01;31m[K}[m[K;
      | [01;31m[K^[m[K
gmake[2]: *** [CMakeFiles/ImageSubsciber.dir/build.make:76ï¼šCMakeFiles/ImageSubsciber.dir/src/ImageSubscriber.cpp.o] é”™è¯¯ 1
gmake[1]: *** [CMakeFiles/Makefile2:137ï¼šCMakeFiles/ImageSubsciber.dir/all] é”™è¯¯ 2
gmake: *** [Makefile:146ï¼šall] é”™è¯¯ 2
