[0.007s] Invoking command in '/home/wuqilin/ros2_ws/build/answer': CMAKE_PREFIX_PATH=/opt/ros/humble /usr/bin/cmake --build /home/wuqilin/ros2_ws/build/answer -- -j32 -l32
[0.020s] -- Found ament_cmake: 1.3.11 (/opt/ros/humble/share/ament_cmake/cmake)
[0.113s] -- Found rclcpp: 16.0.11 (/opt/ros/humble/share/rclcpp/cmake)
[0.163s] -- Found rosidl_generator_c: 3.1.6 (/opt/ros/humble/share/rosidl_generator_c/cmake)
[0.167s] -- Found rosidl_adapter: 3.1.6 (/opt/ros/humble/share/rosidl_adapter/cmake)
[0.178s] -- Found rosidl_generator_cpp: 3.1.6 (/opt/ros/humble/share/rosidl_generator_cpp/cmake)
[0.195s] -- Using all available rosidl_typesupport_c: rosidl_typesupport_fastrtps_c;rosidl_typesupport_introspection_c
[0.209s] -- Using all available rosidl_typesupport_cpp: rosidl_typesupport_fastrtps_cpp;rosidl_typesupport_introspection_cpp
[0.235s] -- Found rmw_implementation_cmake: 6.1.2 (/opt/ros/humble/share/rmw_implementation_cmake/cmake)
[0.237s] -- Found rmw_fastrtps_cpp: 6.2.7 (/opt/ros/humble/share/rmw_fastrtps_cpp/cmake)
[0.307s] -- Using RMW implementation 'rmw_fastrtps_cpp' as default
[0.366s] -- Found ament_lint_auto: 0.12.11 (/opt/ros/humble/share/ament_lint_auto/cmake)
[0.419s] -- Added test 'cppcheck' to perform static code analysis on C / C++ code
[0.419s] -- Configured cppcheck include dirs: 
[0.419s] -- Configured cppcheck exclude dirs and/or files: 
[0.420s] -- Added test 'lint_cmake' to check CMake code style
[0.423s] -- Added test 'uncrustify' to check C / C++ code style
[0.423s] -- Configured uncrustify additional arguments: 
[0.424s] -- Added test 'xmllint' to check XML markup files
[0.424s] -- Configuring done
[0.430s] -- Generating done
[0.431s] -- Build files have been written to: /home/wuqilin/ros2_ws/build/answer
[0.447s] [ 50%] [32mBuilding CXX object CMakeFiles/ImageSubsciber.dir/src/ImageSubscriber.cpp.o[0m
[1.851s] [01m[K/home/wuqilin/ros2_ws/src/answer/src/ImageSubscriber.cpp:[m[K In constructor â€˜[01m[KImageSubscriber::ImageSubscriber()[m[Kâ€™:
[1.851s] [01m[K/home/wuqilin/ros2_ws/src/answer/src/ImageSubscriber.cpp:12:5:[m[K [01;31m[Kerror: [m[Kâ€˜[01m[Ksubscription_[m[Kâ€™ was not declared in this scope; did you mean â€˜[01m[Krmw_subscription_t[m[Kâ€™?
[1.851s]    12 |     [01;31m[Ksubscription_[m[K = this->create_subscription<sensor_msgs::msg::Image>(
[1.851s]       |     [01;31m[K^~~~~~~~~~~~~[m[K
[1.851s]       |     [32m[Krmw_subscription_t[m[K
[1.855s] [01m[K/home/wuqilin/ros2_ws/src/answer/src/ImageSubscriber.cpp:12:47:[m[K [01;31m[Kerror: [m[Kâ€˜[01m[Ksensor_msgs[m[Kâ€™ was not declared in this scope
[1.855s]    12 |     subscription_ = this->create_subscription<[01;31m[Ksensor_msgs[m[K::msg::Image>(
[1.855s]       |                                               [01;31m[K^~~~~~~~~~~[m[K
[1.855s] [01m[K/home/wuqilin/ros2_ws/src/answer/src/ImageSubscriber.cpp:12:27:[m[K [01;31m[Kerror: [m[Kparse error in template argument list
[1.855s]    12 |     subscription_ = this->[01;31m[Kcreate_subscription<sensor_msgs::msg::Image>[m[K(
[1.855s]       |                           [01;31m[K^~~~~~~~~~~~~~~~~~~~~~~~~~~~~~~~~~~~~~~~~~~~[m[K
[1.855s] [01m[K/home/wuqilin/ros2_ws/src/answer/src/ImageSubscriber.cpp:13:50:[m[K [01;31m[Kerror: [m[Kâ€˜[01m[Kimage_callback[m[Kâ€™ is not a member of â€˜[01m[KImageSubscriber[m[Kâ€™
[1.856s]    13 |       "image_raw",10,std::bind(&ImageSubscriber::[01;31m[Kimage_callback[m[K, this, std::placeholders::_1));
[1.856s]       |                                                  [01;31m[K^~~~~~~~~~~~~~[m[K
[1.856s] [01m[K/home/wuqilin/ros2_ws/src/answer/src/ImageSubscriber.cpp:[m[K At global scope:
[1.856s] [01m[K/home/wuqilin/ros2_ws/src/answer/src/ImageSubscriber.cpp:16:1:[m[K [01;31m[Kerror: [m[Kexpected unqualified-id before â€˜[01m[Kprivate[m[Kâ€™
[1.856s]    16 | [01;31m[Kprivate[m[K:
[1.856s]       | [01;31m[K^~~~~~~[m[K
[1.856s] [01m[K/home/wuqilin/ros2_ws/src/answer/src/ImageSubscriber.cpp:24:1:[m[K [01;31m[Kerror: [m[Kexpected declaration before â€˜[01m[K}[m[Kâ€™ token
[1.856s]    24 | [01;31m[K}[m[K;
[1.856s]       | [01;31m[K^[m[K
[2.248s] gmake[2]: *** [CMakeFiles/ImageSubsciber.dir/build.make:76ï¼šCMakeFiles/ImageSubsciber.dir/src/ImageSubscriber.cpp.o] é”™è¯¯ 1
[2.248s] gmake[1]: *** [CMakeFiles/Makefile2:137ï¼šCMakeFiles/ImageSubsciber.dir/all] é”™è¯¯ 2
[2.248s] gmake: *** [Makefile:146ï¼šall] é”™è¯¯ 2
[2.250s] Invoked command in '/home/wuqilin/ros2_ws/build/answer' returned '2': CMAKE_PREFIX_PATH=/opt/ros/humble /usr/bin/cmake --build /home/wuqilin/ros2_ws/build/answer -- -j32 -l32
