[0.006s] Invoking command in '/home/wuqilin/ros2_ws/build/answer': CMAKE_PREFIX_PATH=/home/wuqilin/ros2_ws/install/info_interfaces:/home/wuqilin/ros2_ws/install/answer:/opt/ros/humble /usr/bin/cmake --build /home/wuqilin/ros2_ws/build/answer -- -j32 -l32
[0.045s] [ 50%] Built target img2map_node
[0.051s] [ 75%] [32mBuilding CXX object CMakeFiles/navigation_node.dir/src/navigation_node.cpp.o[0m
[1.229s] [01m[K/home/wuqilin/ros2_ws/src/answer/src/navigation_node.cpp:[m[K In constructor â€˜[01m[Knavigation::Node::Node(const std::string&)[m[Kâ€™:
[1.229s] [01m[K/home/wuqilin/ros2_ws/src/answer/src/navigation_node.cpp:18:130:[m[K [01;31m[Kerror: [m[Kinvalid use of non-static member function â€˜[01m[Kvoid navigation::Node::area_init_cbfn(info_interfaces::msg::Area_<std::allocator<void> >::SharedPtr)[m[Kâ€™
[1.229s]    18 |     m_area_subscription = this->create_subscription<info_interfaces::msg::Area>(topic_name::area, 1, std::bind([01;31m[Knavigation::Node::area_init_cbfn[m[K, this, std::placeholders::_1));
[1.229s]       |                                                                                                                [01;31m[K~~~~~~~~~~~~~~~~~~^~~~~~~~~~~~~~[m[K
[1.229s] In file included from [01m[K/home/wuqilin/ros2_ws/src/answer/src/navigation_node.cpp:4[m[K:
[1.229s] [01m[K/home/wuqilin/ros2_ws/src/answer/include/answer/navigation_node.hpp:138:14:[m[K [01;36m[Knote: [m[Kdeclared here
[1.229s]   138 |         void [01;36m[Karea_init_cbfn[m[K(const info_interfaces::msg::Area::SharedPtr area_info);
[1.229s]       |              [01;36m[K^~~~~~~~~~~~~~[m[K
[1.235s] [01m[K/home/wuqilin/ros2_ws/src/answer/src/navigation_node.cpp:[m[K In member function â€˜[01m[Kvoid navigation::Node::area_init_cbfn(info_interfaces::msg::Area_<std::allocator<void> >::SharedPtr)[m[Kâ€™:
[1.235s] [01m[K/home/wuqilin/ros2_ws/src/answer/src/navigation_node.cpp:34:5:[m[K [01;31m[Kerror: [m[Kâ€˜[01m[Km_recover[m[Kâ€™ was not declared in this scope
[1.235s]    34 |     [01;31m[Km_recover[m[K.x = area.recover.x;
[1.235s]       |     [01;31m[K^~~~~~~~~[m[K
[1.235s] [01m[K/home/wuqilin/ros2_ws/src/answer/src/navigation_node.cpp:34:19:[m[K [01;31m[Kerror: [m[Kâ€˜[01m[Karea[m[Kâ€™ was not declared in this scope; did you mean â€˜[01m[Ktopic_name::area[m[Kâ€™?
[1.236s]    34 |     m_recover.x = [01;31m[Karea[m[K.recover.x;
[1.236s]       |                   [01;31m[K^~~~[m[K
[1.236s]       |                   [32m[Ktopic_name::area[m[K
[1.236s] In file included from [01m[K/home/wuqilin/ros2_ws/src/answer/include/answer/navigation_node.hpp:21[m[K:
[1.236s] [01m[K/home/wuqilin/ros2_ws/src/answer/include/answer/constant.hpp:10:17:[m[K [01;36m[Knote: [m[Kâ€˜[01m[Ktopic_name::area[m[Kâ€™ declared here
[1.236s]    10 |     const char* [01;36m[Karea[m[K = "area";
[1.236s]       |                 [01;36m[K^~~~[m[K
[3.431s] gmake[2]: *** [CMakeFiles/navigation_node.dir/build.make:76ï¼šCMakeFiles/navigation_node.dir/src/navigation_node.cpp.o] é”™è¯¯ 1
[3.431s] gmake[1]: *** [CMakeFiles/Makefile2:165ï¼šCMakeFiles/navigation_node.dir/all] é”™è¯¯ 2
[3.431s] gmake: *** [Makefile:146ï¼šall] é”™è¯¯ 2
[3.433s] Invoked command in '/home/wuqilin/ros2_ws/build/answer' returned '2': CMAKE_PREFIX_PATH=/home/wuqilin/ros2_ws/install/info_interfaces:/home/wuqilin/ros2_ws/install/answer:/opt/ros/humble /usr/bin/cmake --build /home/wuqilin/ros2_ws/build/answer -- -j32 -l32
