[0.006s] Invoking command in '/home/wuqilin/ros2_ws/build/answer': CMAKE_PREFIX_PATH=/home/wuqilin/ros2_ws/install/info_interfaces:/home/wuqilin/ros2_ws/install/answer:/opt/ros/humble /usr/bin/cmake --build /home/wuqilin/ros2_ws/build/answer -- -j32 -l32
[0.049s] [ 50%] Built target img2map_node
[0.050s] [ 75%] [32mBuilding CXX object CMakeFiles/navigation_node.dir/src/navigation_node.cpp.o[0m
[1.186s] [01m[K/home/wuqilin/ros2_ws/src/answer/src/navigation_node.cpp:[m[K In member function â€˜[01m[Kvoid navigation::Node::robot_navigation_cbfn(info_interfaces::msg::Robot_<std::allocator<void> >::SharedPtr)[m[Kâ€™:
[1.186s] [01m[K/home/wuqilin/ros2_ws/src/answer/src/navigation_node.cpp:119:25:[m[K [01;31m[Kerror: [m[Kâ€˜[01m[Kusing element_type = struct info_interfaces::msg::Robot_<std::allocator<void> >[m[Kâ€™ {aka â€˜[01m[Kstruct info_interfaces::msg::Robot_<std::allocator<void> >[m[Kâ€™} has no member named â€˜[01m[Karea[m[Kâ€™
[1.186s]   119 |             robot_info->[01;31m[Karea[m[K.cover.x,
[1.186s]       |                         [01;31m[K^~~~[m[K
[1.186s] [01m[K/home/wuqilin/ros2_ws/src/answer/src/navigation_node.cpp:120:25:[m[K [01;31m[Kerror: [m[Kâ€˜[01m[Kusing element_type = struct info_interfaces::msg::Robot_<std::allocator<void> >[m[Kâ€™ {aka â€˜[01m[Kstruct info_interfaces::msg::Robot_<std::allocator<void> >[m[Kâ€™} has no member named â€˜[01m[Karea[m[Kâ€™
[1.186s]   120 |             robot_info->[01;31m[Karea[m[K.cover.y
[1.186s]       |                         [01;31m[K^~~~[m[K
[1.189s] [01m[K/home/wuqilin/ros2_ws/src/answer/src/navigation_node.cpp:149:37:[m[K [01;31m[Kerror: [m[Kâ€˜[01m[Karea[m[Kâ€™ was not declared in this scope; did you mean â€˜[01m[Ktopic_name::area[m[Kâ€™?
[1.189s]   149 |             pose.theta = std::atan2([01;31m[Karea[m[K.recover.y - robot_y, area.recover.x - robot_x);
[1.189s]       |                                     [01;31m[K^~~~[m[K
[1.189s]       |                                     [32m[Ktopic_name::area[m[K
[1.189s] In file included from [01m[K/home/wuqilin/ros2_ws/src/answer/include/answer/navigation_node.hpp:21[m[K,
[1.189s]                  from [01m[K/home/wuqilin/ros2_ws/src/answer/src/navigation_node.cpp:4[m[K:
[1.189s] [01m[K/home/wuqilin/ros2_ws/src/answer/include/answer/constant.hpp:10:17:[m[K [01;36m[Knote: [m[Kâ€˜[01m[Ktopic_name::area[m[Kâ€™ declared here
[1.189s]    10 |     const char* [01;36m[Karea[m[K = "area";
[1.189s]       |                 [01;36m[K^~~~[m[K
[4.070s] gmake[2]: *** [CMakeFiles/navigation_node.dir/build.make:76ï¼šCMakeFiles/navigation_node.dir/src/navigation_node.cpp.o] é”™è¯¯ 1
[4.071s] gmake[1]: *** [CMakeFiles/Makefile2:165ï¼šCMakeFiles/navigation_node.dir/all] é”™è¯¯ 2
[4.071s] gmake: *** [Makefile:146ï¼šall] é”™è¯¯ 2
[4.072s] Invoked command in '/home/wuqilin/ros2_ws/build/answer' returned '2': CMAKE_PREFIX_PATH=/home/wuqilin/ros2_ws/install/info_interfaces:/home/wuqilin/ros2_ws/install/answer:/opt/ros/humble /usr/bin/cmake --build /home/wuqilin/ros2_ws/build/answer -- -j32 -l32
