[0.006s] Invoking command in '/home/wuqilin/ros2_ws/build/answer': CMAKE_PREFIX_PATH=/home/wuqilin/ros2_ws/install/info_interfaces:/home/wuqilin/ros2_ws/install/answer:/opt/ros/humble /usr/bin/cmake --build /home/wuqilin/ros2_ws/build/answer -- -j32 -l32
[0.046s] [ 50%] Built target img2map_node
[0.050s] [ 75%] [32mBuilding CXX object CMakeFiles/navigation_node.dir/src/navigation_node.cpp.o[0m
[1.213s] [01m[K/home/wuqilin/ros2_ws/src/answer/src/navigation_node.cpp:[m[K In member function â€˜[01m[Kvoid navigation::Node::robot_navigation_cbfn(info_interfaces::msg::Robot_<std::allocator<void> >::SharedPtr)[m[Kâ€™:
[1.213s] [01m[K/home/wuqilin/ros2_ws/src/answer/src/navigation_node.cpp:59:81:[m[K [01;31m[Kerror: [m[Kâ€˜[01m[Km_last_move_time[m[Kâ€™ was not declared in this scope
[1.213s]    59 |             if (std::chrono::duration_cast<std::chrono::seconds>(current_time - [01;31m[Km_last_move_time[m[K) > 5.0)
[1.213s]       |                                                                                 [01;31m[K^~~~~~~~~~~~~~~~[m[K
[4.040s] gmake[2]: *** [CMakeFiles/navigation_node.dir/build.make:76ï¼šCMakeFiles/navigation_node.dir/src/navigation_node.cpp.o] é”™è¯¯ 1
[4.040s] gmake[1]: *** [CMakeFiles/Makefile2:165ï¼šCMakeFiles/navigation_node.dir/all] é”™è¯¯ 2
[4.041s] gmake: *** [Makefile:146ï¼šall] é”™è¯¯ 2
[4.043s] Invoked command in '/home/wuqilin/ros2_ws/build/answer' returned '2': CMAKE_PREFIX_PATH=/home/wuqilin/ros2_ws/install/info_interfaces:/home/wuqilin/ros2_ws/install/answer:/opt/ros/humble /usr/bin/cmake --build /home/wuqilin/ros2_ws/build/answer -- -j32 -l32
