-- Found ament_cmake: 1.3.11 (/opt/ros/humble/share/ament_cmake/cmake)
-- Found rclcpp: 16.0.11 (/opt/ros/humble/share/rclcpp/cmake)
-- Found rosidl_generator_c: 3.1.6 (/opt/ros/humble/share/rosidl_generator_c/cmake)
-- Found rosidl_adapter: 3.1.6 (/opt/ros/humble/share/rosidl_adapter/cmake)
-- Found rosidl_generator_cpp: 3.1.6 (/opt/ros/humble/share/rosidl_generator_cpp/cmake)
-- Using all available rosidl_typesupport_c: rosidl_typesupport_fastrtps_c;rosidl_typesupport_introspection_c
-- Using all available rosidl_typesupport_cpp: rosidl_typesupport_fastrtps_cpp;rosidl_typesupport_introspection_cpp
-- Found rmw_implementation_cmake: 6.1.2 (/opt/ros/humble/share/rmw_implementation_cmake/cmake)
-- Found rmw_fastrtps_cpp: 6.2.7 (/opt/ros/humble/share/rmw_fastrtps_cpp/cmake)
-- Using RMW implementation 'rmw_fastrtps_cpp' as default
-- Found sensor_msgs: 4.2.4 (/opt/ros/humble/share/sensor_msgs/cmake)
-- Found cv_bridge: 3.2.1 (/opt/ros/humble/share/cv_bridge/cmake)
-- Found ament_lint_auto: 0.12.11 (/opt/ros/humble/share/ament_lint_auto/cmake)
-- Added test 'cppcheck' to perform static code analysis on C / C++ code
-- Configured cppcheck include dirs: 
-- Configured cppcheck exclude dirs and/or files: 
-- Added test 'lint_cmake' to check CMake code style
-- Added test 'uncrustify' to check C / C++ code style
-- Configured uncrustify additional arguments: 
-- Added test 'xmllint' to check XML markup files
-- Configuring done
-- Generating done
-- Build files have been written to: /home/wuqilin/ros2_ws/build/answer
[ 50%] [32mBuilding CXX object CMakeFiles/ImageSubscriber.dir/src/ImageSubscriber.cpp.o[0m
[01m[K/home/wuqilin/ros2_ws/src/answer/src/ImageSubscriber.cpp:37:3:[m[K [01;31m[Kerror: [m[Kexpected â€˜[01m[K}[m[Kâ€™ at end of input
   37 |  }
      |   [01;31m[K^[m[K
[01m[K/home/wuqilin/ros2_ws/src/answer/src/ImageSubscriber.cpp:10:1:[m[K [01;36m[Knote: [m[Kto match this â€˜[01m[K{[m[Kâ€™
   10 | [01;36m[K{[m[K
      | [01;36m[K^[m[K
[01m[K/home/wuqilin/ros2_ws/src/answer/src/ImageSubscriber.cpp:[m[K In constructor â€˜[01m[KImageSubscriber::ImageSubscriber()[m[Kâ€™:
[01m[K/home/wuqilin/ros2_ws/src/answer/src/ImageSubscriber.cpp:14:5:[m[K [01;31m[Kerror: [m[Kâ€˜[01m[Ksubscription_[m[Kâ€™ was not declared in this scope; did you mean â€˜[01m[Krmw_subscription_t[m[Kâ€™?
   14 |     [01;31m[Ksubscription_[m[K = this->create_subscription<sensor_msgs::msg::Image>(
      |     [01;31m[K^~~~~~~~~~~~~[m[K
      |     [32m[Krmw_subscription_t[m[K
[01m[K/home/wuqilin/ros2_ws/src/answer/src/ImageSubscriber.cpp:[m[K At global scope:
[01m[K/home/wuqilin/ros2_ws/src/answer/src/ImageSubscriber.cpp:37:3:[m[K [01;31m[Kerror: [m[Kexpected unqualified-id at end of input
   37 |  }
      |   [01;31m[K^[m[K
gmake[2]: *** [CMakeFiles/ImageSubscriber.dir/build.make:76ï¼šCMakeFiles/ImageSubscriber.dir/src/ImageSubscriber.cpp.o] é”™è¯¯ 1
gmake[1]: *** [CMakeFiles/Makefile2:137ï¼šCMakeFiles/ImageSubscriber.dir/all] é”™è¯¯ 2
gmake: *** [Makefile:146ï¼šall] é”™è¯¯ 2
