[0.007s] Invoking command in '/home/wuqilin/ros2_ws/build/answer': CMAKE_PREFIX_PATH=/opt/ros/humble /usr/bin/cmake --build /home/wuqilin/ros2_ws/build/answer -- -j32 -l32
[0.018s] -- Found ament_cmake: 1.3.11 (/opt/ros/humble/share/ament_cmake/cmake)
[0.086s] -- Found rclcpp: 16.0.11 (/opt/ros/humble/share/rclcpp/cmake)
[0.100s] -- Found rosidl_generator_c: 3.1.6 (/opt/ros/humble/share/rosidl_generator_c/cmake)
[0.102s] -- Found rosidl_adapter: 3.1.6 (/opt/ros/humble/share/rosidl_adapter/cmake)
[0.104s] -- Found rosidl_generator_cpp: 3.1.6 (/opt/ros/humble/share/rosidl_generator_cpp/cmake)
[0.109s] -- Using all available rosidl_typesupport_c: rosidl_typesupport_fastrtps_c;rosidl_typesupport_introspection_c
[0.115s] -- Using all available rosidl_typesupport_cpp: rosidl_typesupport_fastrtps_cpp;rosidl_typesupport_introspection_cpp
[0.131s] -- Found rmw_implementation_cmake: 6.1.2 (/opt/ros/humble/share/rmw_implementation_cmake/cmake)
[0.132s] -- Found rmw_fastrtps_cpp: 6.2.7 (/opt/ros/humble/share/rmw_fastrtps_cpp/cmake)
[0.183s] -- Using RMW implementation 'rmw_fastrtps_cpp' as default
[0.207s] -- Found sensor_msgs: 4.2.4 (/opt/ros/humble/share/sensor_msgs/cmake)
[0.225s] -- Found cv_bridge: 3.2.1 (/opt/ros/humble/share/cv_bridge/cmake)
[0.228s] -- Found ament_lint_auto: 0.12.11 (/opt/ros/humble/share/ament_lint_auto/cmake)
[0.263s] -- Added test 'cppcheck' to perform static code analysis on C / C++ code
[0.263s] -- Configured cppcheck include dirs: 
[0.263s] -- Configured cppcheck exclude dirs and/or files: 
[0.264s] -- Added test 'lint_cmake' to check CMake code style
[0.266s] -- Added test 'uncrustify' to check C / C++ code style
[0.266s] -- Configured uncrustify additional arguments: 
[0.266s] -- Added test 'xmllint' to check XML markup files
[0.267s] -- Configuring done
[0.272s] -- Generating done
[0.274s] -- Build files have been written to: /home/wuqilin/ros2_ws/build/answer
[0.297s] [ 50%] [32mBuilding CXX object CMakeFiles/ImageSubscriber.dir/src/ImageSubscriber.cpp.o[0m
[1.727s] [01m[K/home/wuqilin/ros2_ws/src/answer/src/ImageSubscriber.cpp:37:3:[m[K [01;31m[Kerror: [m[Kexpected â€˜[01m[K}[m[Kâ€™ at end of input
[1.727s]    37 |  }
[1.727s]       |   [01;31m[K^[m[K
[1.727s] [01m[K/home/wuqilin/ros2_ws/src/answer/src/ImageSubscriber.cpp:10:1:[m[K [01;36m[Knote: [m[Kto match this â€˜[01m[K{[m[Kâ€™
[1.727s]    10 | [01;36m[K{[m[K
[1.727s]       | [01;36m[K^[m[K
[1.733s] [01m[K/home/wuqilin/ros2_ws/src/answer/src/ImageSubscriber.cpp:[m[K In constructor â€˜[01m[KImageSubscriber::ImageSubscriber()[m[Kâ€™:
[1.733s] [01m[K/home/wuqilin/ros2_ws/src/answer/src/ImageSubscriber.cpp:14:5:[m[K [01;31m[Kerror: [m[Kâ€˜[01m[Ksubscription_[m[Kâ€™ was not declared in this scope; did you mean â€˜[01m[Krmw_subscription_t[m[Kâ€™?
[1.733s]    14 |     [01;31m[Ksubscription_[m[K = this->create_subscription<sensor_msgs::msg::Image>(
[1.733s]       |     [01;31m[K^~~~~~~~~~~~~[m[K
[1.733s]       |     [32m[Krmw_subscription_t[m[K
[1.763s] [01m[K/home/wuqilin/ros2_ws/src/answer/src/ImageSubscriber.cpp:[m[K At global scope:
[1.763s] [01m[K/home/wuqilin/ros2_ws/src/answer/src/ImageSubscriber.cpp:37:3:[m[K [01;31m[Kerror: [m[Kexpected unqualified-id at end of input
[1.763s]    37 |  }
[1.763s]       |   [01;31m[K^[m[K
[3.051s] gmake[2]: *** [CMakeFiles/ImageSubscriber.dir/build.make:76ï¼šCMakeFiles/ImageSubscriber.dir/src/ImageSubscriber.cpp.o] é”™è¯¯ 1
[3.051s] gmake[1]: *** [CMakeFiles/Makefile2:137ï¼šCMakeFiles/ImageSubscriber.dir/all] é”™è¯¯ 2
[3.051s] gmake: *** [Makefile:146ï¼šall] é”™è¯¯ 2
[3.053s] Invoked command in '/home/wuqilin/ros2_ws/build/answer' returned '2': CMAKE_PREFIX_PATH=/opt/ros/humble /usr/bin/cmake --build /home/wuqilin/ros2_ws/build/answer -- -j32 -l32
