[0.006s] Invoking command in '/home/wuqilin/ros2_ws/build/answer': CMAKE_PREFIX_PATH=/home/wuqilin/ros2_ws/install/info_interfaces:/home/wuqilin/ros2_ws/install/answer:/opt/ros/humble /usr/bin/cmake --build /home/wuqilin/ros2_ws/build/answer -- -j32 -l32
[0.043s] [ 25%] [32mBuilding CXX object CMakeFiles/navigation_node.dir/src/navigation_node.cpp.o[0m
[0.051s] [ 75%] Built target img2map_node
[1.177s] [01m[K/home/wuqilin/ros2_ws/src/answer/src/navigation_node.cpp:[m[K In member function â€˜[01m[Kvoid navigation::Node::robot_navigation_cbfn(info_interfaces::msg::Robot_<std::allocator<void> >::SharedPtr)[m[Kâ€™:
[1.177s] [01m[K/home/wuqilin/ros2_ws/src/answer/src/navigation_node.cpp:49:26:[m[K [01;31m[Kerror: [m[Kâ€˜[01m[Kusing Area = struct info_interfaces::msg::Area_<std::allocator<void> >[m[Kâ€™ {aka â€˜[01m[Kstruct info_interfaces::msg::Area_<std::allocator<void> >[m[Kâ€™} has no member named â€˜[01m[Khp_y[m[Kâ€™; did you mean â€˜[01m[Khp[m[Kâ€™?
[1.177s]    49 |     double hp_y = m_area.[01;31m[Khp_y[m[K;
[1.177s]       |                          [01;31m[K^~~~[m[K
[1.177s]       |                          [32m[Khp[m[K
[4.053s] gmake[2]: *** [CMakeFiles/navigation_node.dir/build.make:76ï¼šCMakeFiles/navigation_node.dir/src/navigation_node.cpp.o] é”™è¯¯ 1
[4.053s] gmake[1]: *** [CMakeFiles/Makefile2:165ï¼šCMakeFiles/navigation_node.dir/all] é”™è¯¯ 2
[4.054s] gmake: *** [Makefile:146ï¼šall] é”™è¯¯ 2
[4.055s] Invoked command in '/home/wuqilin/ros2_ws/build/answer' returned '2': CMAKE_PREFIX_PATH=/home/wuqilin/ros2_ws/install/info_interfaces:/home/wuqilin/ros2_ws/install/answer:/opt/ros/humble /usr/bin/cmake --build /home/wuqilin/ros2_ws/build/answer -- -j32 -l32
