[0.006s] Invoking command in '/home/wuqilin/ros2_ws/build/answer': CMAKE_PREFIX_PATH=/home/wuqilin/ros2_ws/install/info_interfaces:/home/wuqilin/ros2_ws/install/answer:/opt/ros/humble /usr/bin/cmake --build /home/wuqilin/ros2_ws/build/answer -- -j32 -l32
[0.047s] [ 50%] Built target img2map_node
[0.049s] [ 75%] [32mBuilding CXX object CMakeFiles/navigation_node.dir/src/navigation_node.cpp.o[0m
[1.259s] [01m[K/home/wuqilin/ros2_ws/src/answer/src/navigation_node.cpp:[m[K In member function â€˜[01m[Kvoid navigation::Node::robot_navigation_cbfn(info_interfaces::msg::Robot_<std::allocator<void> >::SharedPtr)[m[Kâ€™:
[1.259s] [01m[K/home/wuqilin/ros2_ws/src/answer/src/navigation_node.cpp:125:58:[m[K [01;31m[Kerror: [m[Kâ€˜[01m[Krobot_theta[m[Kâ€™ was not declared in this scope
[1.259s]   125 |         double gun_x = robot_x + gun_offset_x * std::cos([01;31m[Krobot_theta[m[K);  // æœºå™¨äººæœå‘è§’åº¦è®¡ç®—æªå£ä½ç½®
[1.259s]       |                                                          [01;31m[K^~~~~~~~~~~[m[K
[4.267s] gmake[2]: *** [CMakeFiles/navigation_node.dir/build.make:76ï¼šCMakeFiles/navigation_node.dir/src/navigation_node.cpp.o] é”™è¯¯ 1
[4.267s] gmake[1]: *** [CMakeFiles/Makefile2:165ï¼šCMakeFiles/navigation_node.dir/all] é”™è¯¯ 2
[4.267s] gmake: *** [Makefile:146ï¼šall] é”™è¯¯ 2
[4.269s] Invoked command in '/home/wuqilin/ros2_ws/build/answer' returned '2': CMAKE_PREFIX_PATH=/home/wuqilin/ros2_ws/install/info_interfaces:/home/wuqilin/ros2_ws/install/answer:/opt/ros/humble /usr/bin/cmake --build /home/wuqilin/ros2_ws/build/answer -- -j32 -l32
