[0.011s] Invoking command in '/home/wuqilin/ros2_ws/build/answer': CMAKE_PREFIX_PATH=/home/wuqilin/ros2_ws/install/info_interfaces:/home/wuqilin/ros2_ws/install/answer:/opt/ros/humble /usr/bin/cmake --build /home/wuqilin/ros2_ws/build/answer -- -j32 -l32
[0.053s] [ 50%] Built target img2map_node
[0.056s] [ 75%] [32mBuilding CXX object CMakeFiles/navigation_node.dir/src/navigation_node.cpp.o[0m
[1.218s] [01m[K/home/wuqilin/ros2_ws/src/answer/src/navigation_node.cpp:[m[K In member function â€˜[01m[Kvoid navigation::Node::robot_navigation_cbfn(info_interfaces::msg::Robot_<std::allocator<void> >::SharedPtr)[m[Kâ€™:
[1.218s] [01m[K/home/wuqilin/ros2_ws/src/answer/src/navigation_node.cpp:48:81:[m[K [01;31m[Kerror: [m[Kâ€˜[01m[Km_last_move_time[m[Kâ€™ was not declared in this scope
[1.218s]    48 |             if (std::chrono::duration_cast<std::chrono::seconds>(current_time - [01;31m[Km_last_move_time[m[K) > 3.0)
[1.218s]       |                                                                                 [01;31m[K^~~~~~~~~~~~~~~~[m[K
[4.131s] gmake[2]: *** [CMakeFiles/navigation_node.dir/build.make:76ï¼šCMakeFiles/navigation_node.dir/src/navigation_node.cpp.o] é”™è¯¯ 1
[4.132s] gmake[1]: *** [CMakeFiles/Makefile2:165ï¼šCMakeFiles/navigation_node.dir/all] é”™è¯¯ 2
[4.132s] gmake: *** [Makefile:146ï¼šall] é”™è¯¯ 2
[4.134s] Invoked command in '/home/wuqilin/ros2_ws/build/answer' returned '2': CMAKE_PREFIX_PATH=/home/wuqilin/ros2_ws/install/info_interfaces:/home/wuqilin/ros2_ws/install/answer:/opt/ros/humble /usr/bin/cmake --build /home/wuqilin/ros2_ws/build/answer -- -j32 -l32
