[0.006s] Invoking command in '/home/wuqilin/ros2_ws/build/answer': CMAKE_PREFIX_PATH=/opt/ros/humble /usr/bin/cmake --build /home/wuqilin/ros2_ws/build/answer -- -j32 -l32
[0.016s] -- Found ament_cmake: 1.3.11 (/opt/ros/humble/share/ament_cmake/cmake)
[0.072s] -- Found rclcpp: 16.0.11 (/opt/ros/humble/share/rclcpp/cmake)
[0.087s] -- Found rosidl_generator_c: 3.1.6 (/opt/ros/humble/share/rosidl_generator_c/cmake)
[0.088s] -- Found rosidl_adapter: 3.1.6 (/opt/ros/humble/share/rosidl_adapter/cmake)
[0.091s] -- Found rosidl_generator_cpp: 3.1.6 (/opt/ros/humble/share/rosidl_generator_cpp/cmake)
[0.096s] -- Using all available rosidl_typesupport_c: rosidl_typesupport_fastrtps_c;rosidl_typesupport_introspection_c
[0.101s] -- Using all available rosidl_typesupport_cpp: rosidl_typesupport_fastrtps_cpp;rosidl_typesupport_introspection_cpp
[0.118s] -- Found rmw_implementation_cmake: 6.1.2 (/opt/ros/humble/share/rmw_implementation_cmake/cmake)
[0.118s] -- Found rmw_fastrtps_cpp: 6.2.7 (/opt/ros/humble/share/rmw_fastrtps_cpp/cmake)
[0.176s] -- Using RMW implementation 'rmw_fastrtps_cpp' as default
[0.202s] -- Found ament_lint_auto: 0.12.11 (/opt/ros/humble/share/ament_lint_auto/cmake)
[0.238s] -- Added test 'cppcheck' to perform static code analysis on C / C++ code
[0.238s] -- Configured cppcheck include dirs: 
[0.239s] -- Configured cppcheck exclude dirs and/or files: 
[0.239s] -- Added test 'lint_cmake' to check CMake code style
[0.241s] -- Added test 'uncrustify' to check C / C++ code style
[0.241s] -- Configured uncrustify additional arguments: 
[0.241s] -- Added test 'xmllint' to check XML markup files
[0.242s] -- Configuring done
[0.247s] -- Generating done
[0.248s] -- Build files have been written to: /home/wuqilin/ros2_ws/build/answer
[0.264s] [ 50%] [32mBuilding CXX object CMakeFiles/ImageSubscriber.dir/src/ImageSubscriber.cpp.o[0m
[0.395s] [01m[K/home/wuqilin/ros2_ws/src/answer/src/ImageSubscriber.cpp:5:10:[m[K [01;31m[Kfatal error: [m[Ksensor_msgs/msg/image.hpp: æ²¡æœ‰é‚£ä¸ªæ–‡ä»¶æˆ–ç›®å½•
[0.395s]     5 | #include [01;31m[K"sensor_msgs/msg/image.hpp"[m[K
[0.396s]       |          [01;31m[K^~~~~~~~~~~~~~~~~~~~~~~~~~~[m[K
[0.396s] compilation terminated.
[0.397s] gmake[2]: *** [CMakeFiles/ImageSubscriber.dir/build.make:76ï¼šCMakeFiles/ImageSubscriber.dir/src/ImageSubscriber.cpp.o] é”™è¯¯ 1
[0.397s] gmake[1]: *** [CMakeFiles/Makefile2:137ï¼šCMakeFiles/ImageSubscriber.dir/all] é”™è¯¯ 2
[0.398s] gmake: *** [Makefile:146ï¼šall] é”™è¯¯ 2
[0.399s] Invoked command in '/home/wuqilin/ros2_ws/build/answer' returned '2': CMAKE_PREFIX_PATH=/opt/ros/humble /usr/bin/cmake --build /home/wuqilin/ros2_ws/build/answer -- -j32 -l32
