[0.006s] Invoking command in '/home/wuqilin/ros2_ws/build/answer': CMAKE_PREFIX_PATH=/home/wuqilin/ros2_ws/install/info_interfaces:/home/wuqilin/ros2_ws/install/answer:/opt/ros/humble /usr/bin/cmake --build /home/wuqilin/ros2_ws/build/answer -- -j32 -l32
[0.043s] [ 25%] [32mBuilding CXX object CMakeFiles/img2map_node.dir/src/img2map_node.cpp.o[0m
[0.043s] [ 50%] [32mBuilding CXX object CMakeFiles/navigation_node.dir/src/navigation_node.cpp.o[0m
[1.484s] [01m[K/home/wuqilin/ros2_ws/src/answer/src/img2map_node.cpp:[m[K In member function â€˜[01m[Kvoid img2map::Node::img2map_cbfn(sensor_msgs::msg::Image_<std::allocator<void> >::SharedPtr)[m[Kâ€™:
[1.484s] [01m[K/home/wuqilin/ros2_ws/src/answer/src/img2map_node.cpp:37:29:[m[K [01;31m[Kerror: [m[Kâ€˜[01m[Kcv_ptr[m[Kâ€™ was not declared in this scope; did you mean â€˜[01m[Ksi_ptr[m[Kâ€™?
[1.484s]    37 |         cv::Mat roi_image = [01;31m[Kcv_ptr[m[K->image(roi);
[1.484s]       |                             [01;31m[K^~~~~~[m[K
[1.484s]       |                             [32m[Ksi_ptr[m[K
[3.075s] gmake[2]: *** [CMakeFiles/img2map_node.dir/build.make:76ï¼šCMakeFiles/img2map_node.dir/src/img2map_node.cpp.o] é”™è¯¯ 1
[3.076s] gmake[1]: *** [CMakeFiles/Makefile2:139ï¼šCMakeFiles/img2map_node.dir/all] é”™è¯¯ 2
[3.076s] gmake[1]: *** æ­£åœ¨ç­‰å¾…æœªå®Œæˆçš„ä»»åŠ¡....
[8.934s] [ 75%] [32m[1mLinking CXX executable navigation_node[0m
[9.397s] [ 75%] Built target navigation_node
[9.397s] gmake: *** [Makefile:146ï¼šall] é”™è¯¯ 2
[9.398s] Invoked command in '/home/wuqilin/ros2_ws/build/answer' returned '2': CMAKE_PREFIX_PATH=/home/wuqilin/ros2_ws/install/info_interfaces:/home/wuqilin/ros2_ws/install/answer:/opt/ros/humble /usr/bin/cmake --build /home/wuqilin/ros2_ws/build/answer -- -j32 -l32
