[ 25%] [32mBuilding CXX object CMakeFiles/navigation_node.dir/src/navigation_node.cpp.o[0m
[ 75%] Built target img2map_node
[01m[K/home/wuqilin/ros2_ws/src/answer/src/navigation_node.cpp:[m[K In member function â€˜[01m[Kvoid navigation::Node::robot_navigation_cbfn(info_interfaces::msg::Robot_<std::allocator<void> >::SharedPtr)[m[Kâ€™:
[01m[K/home/wuqilin/ros2_ws/src/answer/src/navigation_node.cpp:141:37:[m[K [01;31m[Kerror: [m[Kâ€˜[01m[Karea[m[Kâ€™ was not declared in this scope; did you mean â€˜[01m[Ktopic_name::area[m[Kâ€™?
  141 |             pose.theta = std::atan2([01;31m[Karea[m[K.recover.y - robot_y, area.recover.x - robot_x);
      |                                     [01;31m[K^~~~[m[K
      |                                     [32m[Ktopic_name::area[m[K
In file included from [01m[K/home/wuqilin/ros2_ws/src/answer/include/answer/navigation_node.hpp:21[m[K,
                 from [01m[K/home/wuqilin/ros2_ws/src/answer/src/navigation_node.cpp:4[m[K:
[01m[K/home/wuqilin/ros2_ws/src/answer/include/answer/constant.hpp:10:17:[m[K [01;36m[Knote: [m[Kâ€˜[01m[Ktopic_name::area[m[Kâ€™ declared here
   10 |     const char* [01;36m[Karea[m[K = "area";
      |                 [01;36m[K^~~~[m[K
gmake[2]: *** [CMakeFiles/navigation_node.dir/build.make:76ï¼šCMakeFiles/navigation_node.dir/src/navigation_node.cpp.o] é”™è¯¯ 1
gmake[1]: *** [CMakeFiles/Makefile2:165ï¼šCMakeFiles/navigation_node.dir/all] é”™è¯¯ 2
gmake: *** [Makefile:146ï¼šall] é”™è¯¯ 2
