[ 50%] Built target img2map_node
[ 75%] [32mBuilding CXX object CMakeFiles/navigation_node.dir/src/navigation_node.cpp.o[0m
[01m[K/home/wuqilin/ros2_ws/src/answer/src/navigation_node.cpp:[m[K In member function â€˜[01m[Kvoid navigation::Node::robot_navigation_cbfn(info_interfaces::msg::Robot_<std::allocator<void> >::SharedPtr)[m[Kâ€™:
[01m[K/home/wuqilin/ros2_ws/src/answer/src/navigation_node.cpp:126:13:[m[K [01;31m[Kerror: [m[Kâ€˜[01m[Km_recover_x[m[Kâ€™ was not declared in this scope
  126 |             [01;31m[Km_recover_x[m[K,
      |             [01;31m[K^~~~~~~~~~~[m[K
[01m[K/home/wuqilin/ros2_ws/src/answer/src/navigation_node.cpp:127:13:[m[K [01;31m[Kerror: [m[Kâ€˜[01m[Km_recover_y[m[Kâ€™ was not declared in this scope
  127 |             [01;31m[Km_recover_y[m[K
      |             [01;31m[K^~~~~~~~~~~[m[K
gmake[2]: *** [CMakeFiles/navigation_node.dir/build.make:76ï¼šCMakeFiles/navigation_node.dir/src/navigation_node.cpp.o] é”™è¯¯ 1
gmake[1]: *** [CMakeFiles/Makefile2:165ï¼šCMakeFiles/navigation_node.dir/all] é”™è¯¯ 2
gmake: *** [Makefile:146ï¼šall] é”™è¯¯ 2
