[0.012s] Invoking command in '/home/wuqilin/ros2_ws/build/answer': CMAKE_PREFIX_PATH=/home/wuqilin/ros2_ws/install/info_interfaces:/home/wuqilin/ros2_ws/install/answer:/opt/ros/humble /usr/bin/cmake --build /home/wuqilin/ros2_ws/build/answer -- -j32 -l32
[0.058s] [ 50%] Built target img2map_node
[0.061s] [ 75%] [32mBuilding CXX object CMakeFiles/navigation_node.dir/src/navigation_node.cpp.o[0m
[1.260s] [01m[K/home/wuqilin/ros2_ws/src/answer/src/navigation_node.cpp:[m[K In member function â€˜[01m[Kvoid navigation::Node::robot_navigation_cbfn(info_interfaces::msg::Robot_<std::allocator<void> >::SharedPtr)[m[Kâ€™:
[1.260s] [01m[K/home/wuqilin/ros2_ws/src/answer/src/navigation_node.cpp:127:41:[m[K [01;31m[Kerror: [m[Kâ€˜[01m[Knumber[m[Kâ€™ was not declared in this scope
[1.260s]   127 |                 if (path.size() >= 2 && [01;31m[Knumber[m[K <= 5)
[1.260s]       |                                         [01;31m[K^~~~~~[m[K
[1.265s] [01m[K/home/wuqilin/ros2_ws/src/answer/src/navigation_node.cpp:131:23:[m[K [01;31m[Kerror: [m[Kâ€˜[01m[Krobot_x[m[Kâ€™ was not declared in this scope; did you mean â€˜[01m[Krobot_info[m[Kâ€™?
[1.265s]   131 |             pose.x -= [01;31m[Krobot_x[m[K;
[1.265s]       |                       [01;31m[K^~~~~~~[m[K
[1.265s]       |                       [32m[Krobot_info[m[K
[1.268s] [01m[K/home/wuqilin/ros2_ws/src/answer/src/navigation_node.cpp:132:23:[m[K [01;31m[Kerror: [m[Kâ€˜[01m[Krobot_y[m[Kâ€™ was not declared in this scope; did you mean â€˜[01m[Krobot_info[m[Kâ€™?
[1.268s]   132 |             pose.y -= [01;31m[Krobot_y[m[K;
[1.268s]       |                       [01;31m[K^~~~~~~[m[K
[1.268s]       |                       [32m[Krobot_info[m[K
[4.223s] gmake[2]: *** [CMakeFiles/navigation_node.dir/build.make:76ï¼šCMakeFiles/navigation_node.dir/src/navigation_node.cpp.o] é”™è¯¯ 1
[4.223s] gmake[1]: *** [CMakeFiles/Makefile2:165ï¼šCMakeFiles/navigation_node.dir/all] é”™è¯¯ 2
[4.223s] gmake: *** [Makefile:146ï¼šall] é”™è¯¯ 2
[4.224s] Invoked command in '/home/wuqilin/ros2_ws/build/answer' returned '2': CMAKE_PREFIX_PATH=/home/wuqilin/ros2_ws/install/info_interfaces:/home/wuqilin/ros2_ws/install/answer:/opt/ros/humble /usr/bin/cmake --build /home/wuqilin/ros2_ws/build/answer -- -j32 -l32
