[0.007s] Invoking command in '/home/wuqilin/ros2_ws/build/answer': CMAKE_PREFIX_PATH=/home/wuqilin/ros2_ws/install/info_interfaces:/home/wuqilin/ros2_ws/install/answer:/opt/ros/humble /usr/bin/cmake --build /home/wuqilin/ros2_ws/build/answer -- -j32 -l32
[0.043s] [ 50%] Built target img2map_node
[0.046s] [ 75%] [32mBuilding CXX object CMakeFiles/navigation_node.dir/src/navigation_node.cpp.o[0m
[1.224s] [01m[K/home/wuqilin/ros2_ws/src/answer/src/navigation_node.cpp:[m[K In constructor â€˜[01m[Knavigation::Node::Node(const std::string&)[m[Kâ€™:
[1.224s] [01m[K/home/wuqilin/ros2_ws/src/answer/src/navigation_node.cpp:18:130:[m[K [01;31m[Kerror: [m[Kinvalid use of non-static member function â€˜[01m[Kvoid navigation::Node::area_init_cbfn(info_interfaces::msg::Area_<std::allocator<void> >::SharedPtr)[m[Kâ€™
[1.224s]    18 |     m_area_subscription = this->create_subscription<info_interfaces::msg::Area>(topic_name::area, 1, std::bind([01;31m[Knavigation::Node::area_init_cbfn[m[K, this, std::placeholders::_1));
[1.225s]       |                                                                                                                [01;31m[K~~~~~~~~~~~~~~~~~~^~~~~~~~~~~~~~[m[K
[1.225s] In file included from [01m[K/home/wuqilin/ros2_ws/src/answer/src/navigation_node.cpp:4[m[K:
[1.225s] [01m[K/home/wuqilin/ros2_ws/src/answer/include/answer/navigation_node.hpp:138:14:[m[K [01;36m[Knote: [m[Kdeclared here
[1.225s]   138 |         void [01;36m[Karea_init_cbfn[m[K(const info_interfaces::msg::Area::SharedPtr area_info);
[1.225s]       |              [01;36m[K^~~~~~~~~~~~~~[m[K
[1.228s] [01m[K/home/wuqilin/ros2_ws/src/answer/src/navigation_node.cpp:[m[K In member function â€˜[01m[Kvoid navigation::Node::area_init_cbfn(info_interfaces::msg::Area_<std::allocator<void> >::SharedPtr)[m[Kâ€™:
[1.228s] [01m[K/home/wuqilin/ros2_ws/src/answer/src/navigation_node.cpp:34:5:[m[K [01;31m[Kerror: [m[Kâ€˜[01m[KArea[m[Kâ€™ was not declared in this scope; did you mean â€˜[01m[Kinfo_interfaces::msg::Area[m[Kâ€™?
[1.228s]    34 |     [01;31m[KArea[m[K m_recover.x , m_recover.y;
[1.228s]       |     [01;31m[K^~~~[m[K
[1.228s]       |     [32m[Kinfo_interfaces::msg::Area[m[K
[1.228s] In file included from [01m[K/home/wuqilin/ros2_ws/install/info_interfaces/include/info_interfaces/info_interfaces/msg/area.hpp:7[m[K,
[1.228s]                  from [01m[K/home/wuqilin/ros2_ws/src/answer/include/answer/navigation_node.hpp:18[m[K:
[1.228s] [01m[K/home/wuqilin/ros2_ws/install/info_interfaces/include/info_interfaces/info_interfaces/msg/detail/area__struct.hpp:209:7:[m[K [01;36m[Knote: [m[Kâ€˜[01m[Kinfo_interfaces::msg::Area[m[Kâ€™ declared here
[1.228s]   209 | using [01;36m[KArea[m[K =
[1.228s]       |       [01;36m[K^~~~[m[K
[1.231s] [01m[K/home/wuqilin/ros2_ws/src/answer/src/navigation_node.cpp:35:5:[m[K [01;31m[Kerror: [m[Kâ€˜[01m[Km_recover[m[Kâ€™ was not declared in this scope
[1.231s]    35 |     [01;31m[Km_recover[m[K.x = area_info->recover.x;
[1.231s]       |     [01;31m[K^~~~~~~~~[m[K
[3.411s] gmake[2]: *** [CMakeFiles/navigation_node.dir/build.make:76ï¼šCMakeFiles/navigation_node.dir/src/navigation_node.cpp.o] é”™è¯¯ 1
[3.411s] gmake[1]: *** [CMakeFiles/Makefile2:165ï¼šCMakeFiles/navigation_node.dir/all] é”™è¯¯ 2
[3.412s] gmake: *** [Makefile:146ï¼šall] é”™è¯¯ 2
[3.413s] Invoked command in '/home/wuqilin/ros2_ws/build/answer' returned '2': CMAKE_PREFIX_PATH=/home/wuqilin/ros2_ws/install/info_interfaces:/home/wuqilin/ros2_ws/install/answer:/opt/ros/humble /usr/bin/cmake --build /home/wuqilin/ros2_ws/build/answer -- -j32 -l32
