[0.006s] Invoking command in '/home/wuqilin/ros2_ws/build/answer': CMAKE_PREFIX_PATH=/home/wuqilin/ros2_ws/install/info_interfaces:/home/wuqilin/ros2_ws/install/answer:/opt/ros/humble /usr/bin/cmake --build /home/wuqilin/ros2_ws/build/answer -- -j32 -l32
[0.035s] [ 25%] [32mBuilding CXX object CMakeFiles/img2map_node.dir/src/img2map_node.cpp.o[0m
[0.041s] [ 50%] [32mBuilding CXX object CMakeFiles/navigation_node.dir/src/navigation_node.cpp.o[0m
[1.177s] [01m[K/home/wuqilin/ros2_ws/src/answer/src/navigation_node.cpp:[m[K In member function â€˜[01m[Kvoid navigation::Node::robot_navigation_cbfn(info_interfaces::msg::Robot_<std::allocator<void> >::SharedPtr)[m[Kâ€™:
[1.177s] [01m[K/home/wuqilin/ros2_ws/src/answer/src/navigation_node.cpp:119:13:[m[K [01;31m[Kerror: [m[Kâ€˜[01m[Karea_info[m[Kâ€™ was not declared in this scope
[1.177s]   119 |             [01;31m[Karea_info[m[K->recover.x,
[1.177s]       |             [01;31m[K^~~~~~~~~[m[K
[1.179s] [01m[K/home/wuqilin/ros2_ws/src/answer/src/navigation_node.cpp:152:54:[m[K [01;31m[Kerror: [m[Krequest for member â€˜[01m[Krecover[m[Kâ€™ in â€˜[01m[Ktopic_name::area[m[Kâ€™, which is of non-class type â€˜[01m[Kconst char*[m[Kâ€™
[1.179s]   152 |             pose.theta = std::atan2(topic_name::area.[01;31m[Krecover[m[K.y - robot_y, topic_name::area.recover.x - robot_x);
[1.179s]       |                                                      [01;31m[K^~~~~~~[m[K
[1.179s] [01m[K/home/wuqilin/ros2_ws/src/answer/src/navigation_node.cpp:152:92:[m[K [01;31m[Kerror: [m[Krequest for member â€˜[01m[Krecover[m[Kâ€™ in â€˜[01m[Ktopic_name::area[m[Kâ€™, which is of non-class type â€˜[01m[Kconst char*[m[Kâ€™
[1.179s]   152 |             pose.theta = std::atan2(topic_name::area.recover.y - robot_y, topic_name::area.[01;31m[Krecover[m[K.x - robot_x);
[1.179s]       |                                                                                            [01;31m[K^~~~~~~[m[K
[4.067s] gmake[2]: *** [CMakeFiles/navigation_node.dir/build.make:76ï¼šCMakeFiles/navigation_node.dir/src/navigation_node.cpp.o] é”™è¯¯ 1
[4.067s] gmake[1]: *** [CMakeFiles/Makefile2:165ï¼šCMakeFiles/navigation_node.dir/all] é”™è¯¯ 2
[4.067s] gmake[1]: *** æ­£åœ¨ç­‰å¾…æœªå®Œæˆçš„ä»»åŠ¡....
[5.369s] [ 75%] [32m[1mLinking CXX executable img2map_node[0m
[5.499s] /usr/bin/ld: warning: libopencv_imgcodecs.so.4.5d, needed by /opt/ros/humble/lib/libcv_bridge.so, may conflict with libopencv_imgcodecs.so.408
[5.499s] /usr/bin/ld: warning: libopencv_imgproc.so.4.5d, needed by /opt/ros/humble/lib/libcv_bridge.so, may conflict with libopencv_imgproc.so.408
[5.499s] /usr/bin/ld: warning: libopencv_core.so.4.5d, needed by /opt/ros/humble/lib/libcv_bridge.so, may conflict with libopencv_core.so.408
[5.717s] [ 75%] Built target img2map_node
[5.718s] gmake: *** [Makefile:146ï¼šall] é”™è¯¯ 2
[5.719s] Invoked command in '/home/wuqilin/ros2_ws/build/answer' returned '2': CMAKE_PREFIX_PATH=/home/wuqilin/ros2_ws/install/info_interfaces:/home/wuqilin/ros2_ws/install/answer:/opt/ros/humble /usr/bin/cmake --build /home/wuqilin/ros2_ws/build/answer -- -j32 -l32
