[01m[K/home/wuqilin/ros2_ws/src/answer/src/navigation_node.cpp:[m[K In member function â€˜[01m[Kvoid navigation::Node::robot_navigation_cbfn(info_interfaces::msg::Robot_<std::allocator<void> >::SharedPtr)[m[Kâ€™:
[01m[K/home/wuqilin/ros2_ws/src/answer/src/navigation_node.cpp:87:21:[m[K [01;31m[Kerror: [m[Kâ€˜[01m[Karea_info[m[Kâ€™ was not declared in this scope
   87 |                 if ([01;31m[Karea_info[m[K->green_in.empty())
      |                     [01;31m[K^~~~~~~~~[m[K
gmake[2]: *** [CMakeFiles/navigation_node.dir/build.make:76ï¼šCMakeFiles/navigation_node.dir/src/navigation_node.cpp.o] é”™è¯¯ 1
gmake[1]: *** [CMakeFiles/Makefile2:165ï¼šCMakeFiles/navigation_node.dir/all] é”™è¯¯ 2
gmake: *** [Makefile:146ï¼šall] é”™è¯¯ 2
